
====================================================
/var/www/html/IT490/IT-490/_logs/destSearch.log
Date Created: 19/10/27 13.33
====================================================
[19/10/27  13.33:02] :  Setting up RMQ Client...
[19/10/27  13.33:02] :  Request VarDump:

<br>
[19/10/27  13.33:02] :  Client received response: 
[19/10/27  13.33:02] :  

<br>

====================================================
/var/www/html/IT490/IT-490/_logs/destSearch.log
Date Created: 19/10/27 13.38
====================================================
[19/10/27  13.38:11] :  Setting up RMQ Client...
[19/10/27  13.38:11] :  Request VarDump:

<br>
[19/10/27  13.38:11] :  Client received response: 
[19/10/27  13.38:11] :  

<br>

====================================================
/var/www/html/IT490/IT-490/_logs/destSearch.log
Date Created: 19/10/27 13.44
====================================================
[19/10/27  13.44:41] :  Setting up RMQ Client...

====================================================
/var/www/html/IT490/IT-490/_logs/destSearch.log
Date Created: 19/10/27 13.46
====================================================
[19/10/27  13.46:02] :  Setting up RMQ Client...
[19/10/27  13.46:02] :  Request VarDump:

<br>
[19/10/27  13.46:02] :  Client received response: 
[19/10/27  13.46:02] :  

<br>

====================================================
/var/www/html/IT490/IT-490/_logs/destSearch.log
Date Created: 19/10/27 13.47
====================================================
[19/10/27  13.47:45] :  Setting up RMQ Client...
[19/10/27  13.47:45] :  Request VarDump:

<br>
[19/10/27  13.47:48] :  Client received response: 
[19/10/27  13.47:48] :  

<br>

====================================================
/var/www/html/IT490/IT-490/_logs/destSearch.log
Date Created: 19/10/27 13.51
====================================================
[19/10/27  13.51:19] :  Setting up RMQ Client...
[19/10/27  13.51:19] :  Request VarDump:

<br>
[19/10/27  13.51:19] :  Client received response: 
[19/10/27  13.51:19] :  

<br>

====================================================
/var/www/html/IT490/IT-490/_logs/destSearch.log
Date Created: 19/10/27 13.59
====================================================
[19/10/27  13.59:19] :  Setting up RMQ Client...
[19/10/27  13.59:19] :  Request VarDump:

<br>
[19/10/27  13.59:47] :  Client received response: 
[19/10/27  13.59:47] :  

<br>

====================================================
/var/www/html/IT490/IT-490/_logs/destSearch.log
Date Created: 19/10/27 14.00
====================================================
[19/10/27  14.00:01] :  Setting up RMQ Client...
[19/10/27  14.00:01] :  Request VarDump:

<br>
[19/10/27  14.00:01] :  Client received response: 
[19/10/27  14.00:01] :  

<br>

====================================================
/var/www/html/IT490/IT-490/_logs/destSearch.log
Date Created: 19/10/27 15.38
====================================================
[19/10/27  15.38:49] :  Setting up RMQ Client...
[19/10/27  15.38:49] :  Request VarDump:

<br>
[19/10/27  15.38:49] :  Client received response: 
[19/10/27  15.38:49] :  

<br>

====================================================
/var/www/html/IT490/IT-490/_logs/destSearch.log
Date Created: 19/10/27 15.50
====================================================
[19/10/27  15.50:26] :  Setting up RMQ Client...
[19/10/27  15.50:26] :  Request VarDump:

<br>
[19/10/27  15.50:27] :  Client received response: 
[19/10/27  15.50:27] :  

<br>

====================================================
/var/www/html/IT490/IT-490/_logs/destSearch.log
Date Created: 19/10/27 15.52
====================================================
[19/10/27  15.52:38] :  Setting up RMQ Client...
[19/10/27  15.52:38] :  Request VarDump:

<br>
[19/10/27  15.52:39] :  Client received response: 
[19/10/27  15.52:39] :  

<br>

====================================================
/var/www/html/IT490/IT-490/_logs/destSearch.log
Date Created: 19/10/27 15.54
====================================================
[19/10/27  15.54:28] :  Setting up RMQ Client...
[19/10/27  15.54:28] :  Request VarDump:

<br>
[19/10/27  15.54:29] :  Client received response: 
[19/10/27  15.54:29] :  

<br>

====================================================
/var/www/html/IT490/IT-490/_logs/destSearch.log
Date Created: 19/10/27 16.02
====================================================
[19/10/27  16.02:35] :  Setting up RMQ Client...
[19/10/27  16.02:35] :  Request VarDump:

<br>
[19/10/27  16.02:36] :  Client received response: 
[19/10/27  16.02:36] :  

<br>

====================================================
/var/www/html/IT490/IT-490/_logs/destSearch.log
Date Created: 19/10/27 16.06
====================================================
[19/10/27  16.06:08] :  Setting up RMQ Client...
[19/10/27  16.06:08] :  Request VarDump:

<br>
[19/10/27  16.06:10] :  Client received response: 
[19/10/27  16.06:10] :  

<br>

====================================================
/var/www/html/IT490/IT-490/_logs/destSearch.log
Date Created: 19/10/27 16.37
====================================================
[19/10/27  16.37:47] :  Setting up RMQ Client...
[19/10/27  16.37:47] :  Request VarDump:

<br>
[19/10/27  16.37:55] :  Client received response: 
[19/10/27  16.37:55] :  

<br>

====================================================
/var/www/html/IT490/IT-490/_logs/destSearch.log
Date Created: 19/10/27 16.44
====================================================
[19/10/27  16.44:12] :  Setting up RMQ Client...
[19/10/27  16.44:12] :  Request VarDump:

<br>
[19/10/27  16.44:13] :  Client received response: 
[19/10/27  16.44:13] :  

<br>

====================================================
/var/www/html/IT490/IT-490/_logs/destSearch.log
Date Created: 19/10/27 16.48
====================================================
[19/10/27  16.48:06] :  Setting up RMQ Client...
[19/10/27  16.48:06] :  Request VarDump:

<br>
[19/10/27  16.48:12] :  Client received response: 
[19/10/27  16.48:12] :  

<br>

====================================================
/var/www/html/IT490/IT-490/_logs/destSearch.log
Date Created: 19/10/27 16.49
====================================================
[19/10/27  16.49:36] :  Setting up RMQ Client...
[19/10/27  16.49:36] :  Request VarDump:

<br>
[19/10/27  16.49:38] :  Client received response: 
[19/10/27  16.49:38] :  

<br>
