
====================================================
/var/www/html/IT490/IT-490/_logs/flightSearch.log
Date Created: 19/10/26 12.01
====================================================
[19/10/26  12.01:32] :  Setting up RMQ Client...
[19/10/26  12.01:32] :  Request VarDump:

<br>
<br>

====================================================
/var/www/html/IT490/IT-490/_logs/flightSearch.log
Date Created: 19/10/26 12.05
====================================================
[19/10/26  12.05:42] :  Setting up RMQ Client...
[19/10/26  12.05:42] :  Request VarDump:

<br>
<br>

====================================================
/var/www/html/IT490/IT-490/_logs/flightSearch.log
Date Created: 19/10/26 12.24
====================================================
[19/10/26  12.24:38] :  Setting up RMQ Client...
[19/10/26  12.24:38] :  Request VarDump:

<br>

====================================================
/var/www/html/IT490/IT-490/_logs/flightSearch.log
Date Created: 19/10/26 12.44
====================================================
[19/10/26  12.44:15] :  Setting up RMQ Client...
[19/10/26  12.44:15] :  Request VarDump:

<br>
<br>
<br>

====================================================
/var/www/html/IT490/IT-490/_logs/flightSearch.log
Date Created: 19/10/26 15.47
====================================================
[19/10/26  15.47:18] :  Setting up RMQ Client...
[19/10/26  15.47:18] :  Request VarDump:

<br>
[19/10/26  15.47:19] :  Client received response: 
[19/10/26  15.47:19] :  

<br>

====================================================
/var/www/html/IT490/IT-490/_logs/flightSearch.log
Date Created: 19/10/26 15.49
====================================================
[19/10/26  15.49:29] :  Setting up RMQ Client...
[19/10/26  15.49:29] :  Request VarDump:

<br>
[19/10/26  15.49:31] :  Client received response: 
[19/10/26  15.49:31] :  

<br>

====================================================
/var/www/html/IT490/IT-490/_logs/flightSearch.log
Date Created: 19/10/26 15.49
====================================================
[19/10/26  15.49:42] :  Setting up RMQ Client...
[19/10/26  15.49:42] :  Request VarDump:

<br>
[19/10/26  15.49:42] :  Client received response: 
[19/10/26  15.49:42] :  

<br>

====================================================
/var/www/html/IT490/IT-490/_logs/flightSearch.log
Date Created: 19/10/26 15.50
====================================================
[19/10/26  15.50:05] :  Setting up RMQ Client...
[19/10/26  15.50:05] :  Request VarDump:

<br>
[19/10/26  15.50:06] :  Client received response: 
[19/10/26  15.50:06] :  

<br>

====================================================
/var/www/html/IT490/IT-490/_logs/flightSearch.log
Date Created: 19/10/26 15.52
====================================================
[19/10/26  15.52:31] :  Setting up RMQ Client...
[19/10/26  15.52:31] :  Request VarDump:

<br>
[19/10/26  15.52:31] :  Client received response: 
[19/10/26  15.52:31] :  

<br>

====================================================
/var/www/html/IT490/IT-490/_logs/flightSearch.log
Date Created: 19/10/26 15.53
====================================================
[19/10/26  15.53:12] :  Setting up RMQ Client...
[19/10/26  15.53:12] :  Request VarDump:

<br>
[19/10/26  15.53:13] :  Client received response: 
[19/10/26  15.53:13] :  

<br>

====================================================
/var/www/html/IT490/IT-490/_logs/flightSearch.log
Date Created: 19/10/26 15.55
====================================================
[19/10/26  15.55:54] :  Setting up RMQ Client...
[19/10/26  15.55:54] :  Request VarDump:

<br>
[19/10/26  15.55:54] :  Client received response: 
[19/10/26  15.55:54] :  

<br>

====================================================
/var/www/html/IT490/IT-490/_logs/flightSearch.log
Date Created: 19/10/26 16.03
====================================================
[19/10/26  16.03:31] :  Setting up RMQ Client...
[19/10/26  16.03:31] :  Request VarDump:

<br>
[19/10/26  16.03:32] :  Client received response: 
[19/10/26  16.03:32] :  

<br>

====================================================
/var/www/html/IT490/IT-490/_logs/flightSearch.log
Date Created: 19/10/26 16.04
====================================================
[19/10/26  16.04:23] :  Setting up RMQ Client...
[19/10/26  16.04:23] :  Request VarDump:

<br>
[19/10/26  16.06:29] :  Client received response: 
[19/10/26  16.06:29] :  

<br>

====================================================
/var/www/html/IT490/IT-490/_logs/flightSearch.log
Date Created: 19/10/26 16.06
====================================================
[19/10/26  16.06:30] :  Setting up RMQ Client...
[19/10/26  16.06:30] :  Request VarDump:

<br>
[19/10/26  16.06:32] :  Client received response: 
[19/10/26  16.06:32] :  

<br>

====================================================
/var/www/html/IT490/IT-490/_logs/flightSearch.log
Date Created: 19/10/26 16.08
====================================================
[19/10/26  16.08:20] :  Setting up RMQ Client...
[19/10/26  16.08:20] :  Request VarDump:

<br>
[19/10/26  16.08:27] :  Client received response: 
[19/10/26  16.08:27] :  

<br>

====================================================
/var/www/html/IT490/IT-490/_logs/flightSearch.log
Date Created: 19/10/26 16.14
====================================================
[19/10/26  16.14:32] :  Setting up RMQ Client...
[19/10/26  16.14:32] :  Request VarDump:

<br>
[19/10/26  16.14:33] :  Client received response: 
[19/10/26  16.14:33] :  

<br>

====================================================
/var/www/html/IT490/IT-490/_logs/flightSearch.log
Date Created: 19/10/26 16.15
====================================================
[19/10/26  16.15:08] :  Setting up RMQ Client...
[19/10/26  16.15:08] :  Request VarDump:

<br>
[19/10/26  16.15:08] :  Client received response: 
[19/10/26  16.15:08] :  

<br>

====================================================
/var/www/html/IT490/IT-490/_logs/flightSearch.log
Date Created: 19/10/26 16.16
====================================================
[19/10/26  16.16:28] :  Setting up RMQ Client...
[19/10/26  16.16:28] :  Request VarDump:

<br>
[19/10/26  16.16:29] :  Client received response: 
[19/10/26  16.16:29] :  

<br>

====================================================
/var/www/html/IT490/IT-490/_logs/flightSearch.log
Date Created: 19/10/26 16.17
====================================================
[19/10/26  16.17:59] :  Setting up RMQ Client...
[19/10/26  16.17:59] :  Request VarDump:

<br>
[19/10/26  16.18:33] :  Client received response: 
[19/10/26  16.18:33] :  

<br>

====================================================
/var/www/html/IT490/IT-490/_logs/flightSearch.log
Date Created: 19/10/26 16.32
====================================================
[19/10/26  16.32:25] :  Setting up RMQ Client...
[19/10/26  16.32:25] :  Request VarDump:

<br>
[19/10/26  16.32:26] :  Client received response: 
[19/10/26  16.32:26] :  

<br>

====================================================
/var/www/html/IT490/IT-490/_logs/flightSearch.log
Date Created: 19/10/26 16.32
====================================================
[19/10/26  16.32:50] :  Setting up RMQ Client...
[19/10/26  16.32:50] :  Request VarDump:

<br>
[19/10/26  16.32:50] :  Client received response: 
[19/10/26  16.32:50] :  

<br>

====================================================
/var/www/html/IT490/IT-490/_logs/flightSearch.log
Date Created: 19/10/26 16.34
====================================================
[19/10/26  16.34:03] :  Setting up RMQ Client...
[19/10/26  16.34:03] :  Request VarDump:

<br>

====================================================
/var/www/html/IT490/IT-490/_logs/flightSearch.log
Date Created: 19/10/26 16.34
====================================================
[19/10/26  16.34:42] :  Setting up RMQ Client...
[19/10/26  16.34:42] :  Request VarDump:

<br>

====================================================
/var/www/html/IT490/IT-490/_logs/flightSearch.log
Date Created: 19/10/26 16.40
====================================================
[19/10/26  16.40:30] :  Setting up RMQ Client...
[19/10/26  16.40:30] :  Request VarDump:

<br>
[19/10/26  16.40:30] :  Client received response: 
[19/10/26  16.40:30] :  

<br>

====================================================
/var/www/html/IT490/IT-490/_logs/flightSearch.log
Date Created: 19/10/26 16.41
====================================================
[19/10/26  16.41:34] :  Setting up RMQ Client...
[19/10/26  16.41:34] :  Request VarDump:

<br>
[19/10/26  16.41:35] :  Client received response: 
[19/10/26  16.41:35] :  

<br>

====================================================
/var/www/html/IT490/IT-490/_logs/flightSearch.log
Date Created: 19/10/26 17.24
====================================================
[19/10/26  17.24:37] :  Setting up RMQ Client...
[19/10/26  17.24:37] :  Request VarDump:

<br>
[19/10/26  17.24:53] :  Client received response: 
[19/10/26  17.24:53] :  

<br>

====================================================
/var/www/html/IT490/IT-490/_logs/flightSearch.log
Date Created: 19/10/26 17.27
====================================================
[19/10/26  17.27:21] :  Setting up RMQ Client...
[19/10/26  17.27:21] :  Request VarDump:

<br>
[19/10/26  17.27:22] :  Client received response: 
[19/10/26  17.27:22] :  

<br>

====================================================
/var/www/html/IT490/IT-490/_logs/flightSearch.log
Date Created: 19/10/26 17.28
====================================================
[19/10/26  17.28:39] :  Setting up RMQ Client...
[19/10/26  17.28:39] :  Request VarDump:

<br>
[19/10/26  17.28:40] :  Client received response: 
[19/10/26  17.28:40] :  

<br>

====================================================
/var/www/html/IT490/IT-490/_logs/flightSearch.log
Date Created: 19/10/26 17.31
====================================================
[19/10/26  17.31:26] :  Setting up RMQ Client...
[19/10/26  17.31:26] :  Request VarDump:

<br>
[19/10/26  17.31:27] :  Client received response: 
[19/10/26  17.31:27] :  

<br>

====================================================
/var/www/html/IT490/IT-490/_logs/flightSearch.log
Date Created: 19/10/26 17.32
====================================================
[19/10/26  17.32:15] :  Setting up RMQ Client...
[19/10/26  17.32:15] :  Request VarDump:

<br>
[19/10/26  17.32:17] :  Client received response: 
[19/10/26  17.32:17] :  

<br>

====================================================
/var/www/html/IT490/IT-490/_logs/flightSearch.log
Date Created: 19/10/26 17.33
====================================================
[19/10/26  17.33:56] :  Setting up RMQ Client...
[19/10/26  17.33:56] :  Request VarDump:

<br>
[19/10/26  17.34:36] :  Client received response: 
[19/10/26  17.34:36] :  

<br>

====================================================
/var/www/html/IT490/IT-490/_logs/flightSearch.log
Date Created: 19/10/26 17.35
====================================================
[19/10/26  17.35:07] :  Setting up RMQ Client...
[19/10/26  17.35:07] :  Request VarDump:

<br>
[19/10/26  17.35:08] :  Client received response: 
[19/10/26  17.35:08] :  

<br>

====================================================
/var/www/html/IT490/IT-490/_logs/flightSearch.log
Date Created: 19/10/26 17.39
====================================================
[19/10/26  17.39:25] :  Setting up RMQ Client...
[19/10/26  17.39:25] :  Request VarDump:

<br>
[19/10/26  17.39:27] :  Client received response: 
[19/10/26  17.39:27] :  

<br>

====================================================
/var/www/html/IT490/IT-490/_logs/flightSearch.log
Date Created: 19/10/26 17.39
====================================================
[19/10/26  17.39:57] :  Setting up RMQ Client...
[19/10/26  17.39:57] :  Request VarDump:

<br>
[19/10/26  17.39:59] :  Client received response: 
[19/10/26  17.39:59] :  

<br>

====================================================
/var/www/html/IT490/IT-490/_logs/flightSearch.log
Date Created: 19/10/26 17.40
====================================================
[19/10/26  17.40:22] :  Setting up RMQ Client...
[19/10/26  17.40:22] :  Request VarDump:

<br>
[19/10/26  17.40:23] :  Client received response: 
[19/10/26  17.40:23] :  

<br>

====================================================
/var/www/html/IT490/IT-490/_logs/flightSearch.log
Date Created: 19/10/26 17.48
====================================================
[19/10/26  17.48:23] :  Setting up RMQ Client...
[19/10/26  17.48:23] :  Request VarDump:

<br>
[19/10/26  17.48:24] :  Client received response: 
[19/10/26  17.48:24] :  

<br>

====================================================
/var/www/html/IT490/IT-490/_logs/flightSearch.log
Date Created: 19/10/26 17.50
====================================================
[19/10/26  17.50:16] :  Setting up RMQ Client...
[19/10/26  17.50:16] :  Request VarDump:

<br>
