
====================================================
/var/www/html/IT490/IT-490/_logs/profile.log
Date Created: 19/11/04 11.43
====================================================
[19/11/04  11.43:29] :  Setting up RMQ Client...
[19/11/04  11.43:29] :  Request VarDump:

<br>

====================================================
/var/www/html/IT490/IT-490/_logs/profile.log
Date Created: 19/11/04 11.44
====================================================
[19/11/04  11.44:41] :  Setting up RMQ Client...
[19/11/04  11.44:41] :  Request VarDump:

<br>

====================================================
/var/www/html/IT490/IT-490/_logs/profile.log
Date Created: 19/11/04 11.44
====================================================
[19/11/04  11.44:58] :  Setting up RMQ Client...
[19/11/04  11.44:58] :  Request VarDump:

<br>

====================================================
/var/www/html/IT490/IT-490/_logs/profile.log
Date Created: 19/11/04 11.47
====================================================
[19/11/04  11.47:12] :  Setting up RMQ Client...
[19/11/04  11.47:12] :  Request VarDump:

<br>
[19/11/04  11.47:12] :  Client received response: 
[19/11/04  11.47:12] :  

[19/11/04  11.47:12] :  Username: omar<br>
	Home Airport: Array<br>
	<br>
	Favorite(s) List:<br>Array<br>Array<br>
<br>

====================================================
/var/www/html/IT490/IT-490/_logs/profile.log
Date Created: 19/11/04 11.48
====================================================
[19/11/04  11.48:10] :  Setting up RMQ Client...
[19/11/04  11.48:10] :  Request VarDump:

<br>
[19/11/04  11.48:14] :  Client received response: 
[19/11/04  11.48:14] :  

[19/11/04  11.48:14] :  Username: omar<br>
	Home Airport: Array<br>
	<br>
	Favorite(s) List:<br>Array<br>Array<br>
<br>

====================================================
/var/www/html/IT490/IT-490/_logs/profile.log
Date Created: 19/11/04 11.51
====================================================
[19/11/04  11.51:36] :  Setting up RMQ Client...
[19/11/04  11.51:36] :  Request VarDump:

<br>
[19/11/04  11.51:47] :  Client received response: 
[19/11/04  11.51:47] :  

[19/11/04  11.51:47] :  Username: omar<br>
	Home Airport: Array<br>
	<br>
	Favorite(s) List:<br>EWR<br>JFK<br>
<br>

====================================================
/var/www/html/IT490/IT-490/_logs/profile.log
Date Created: 19/11/04 11.53
====================================================
[19/11/04  11.53:05] :  Setting up RMQ Client...
[19/11/04  11.53:05] :  Request VarDump:

<br>

====================================================
/var/www/html/IT490/IT-490/_logs/profile.log
Date Created: 19/11/04 11.55
====================================================
[19/11/04  11.55:01] :  Setting up RMQ Client...
[19/11/04  11.55:01] :  Request VarDump:

<br>

====================================================
/var/www/html/IT490/IT-490/_logs/profile.log
Date Created: 19/11/04 11.55
====================================================
[19/11/04  11.55:41] :  Setting up RMQ Client...
[19/11/04  11.55:41] :  Request VarDump:

<br>

====================================================
/var/www/html/IT490/IT-490/_logs/profile.log
Date Created: 19/11/04 11.56
====================================================
[19/11/04  11.56:47] :  Setting up RMQ Client...
[19/11/04  11.56:47] :  Request VarDump:

<br>

====================================================
/var/www/html/IT490/IT-490/_logs/profile.log
Date Created: 19/11/04 12.06
====================================================
[19/11/04  12.06:09] :  Setting up RMQ Client...
[19/11/04  12.06:09] :  Request VarDump:

<br>

====================================================
/var/www/html/IT490/IT-490/_logs/profile.log
Date Created: 19/11/04 12.06
====================================================
[19/11/04  12.06:45] :  Setting up RMQ Client...
[19/11/04  12.06:45] :  Request VarDump:

<br>
[19/11/04  12.06:45] :  Client received response: 
[19/11/04  12.06:45] :  

[19/11/04  12.06:45] :  Username: omar<br>
	Home Airport: blehhhh<br>
	<br>
	Favorite(s) List:<br>Array<br>Array<br>
<br>

====================================================
/var/www/html/IT490/IT-490/_logs/profile.log
Date Created: 19/11/04 12.08
====================================================
[19/11/04  12.08:43] :  Setting up RMQ Client...
[19/11/04  12.08:43] :  Request VarDump:

<br>
[19/11/04  12.08:43] :  Client received response: 
[19/11/04  12.08:43] :  

[19/11/04  12.08:43] :  Username: omar<br>
	Home Airport: blehhhh<br>
	<br>
	Favorite(s) List:<br>EWR<br>JFK<br>
<br>
